<?xml version="1.0" encoding="UTF-8"?>
<testsuite xmlns:xsi="http://www.w3.org/2001/XMLSchema-instance" xsi:noNamespaceSchemaLocation="https://maven.apache.org/surefire/maven-surefire-plugin/xsd/surefire-test-report.xsd" version="3.0.2" name="com.in28minutes.microservices.camel_microservice_b.CamelMicroserviceBApplicationTests" time="2.672" tests="1" errors="0" skipped="0" failures="0">
  <properties>
[...]
</properties>
  <testcase name="contextLoads" classname="com.in28minutes.microservices.camel_microservice_b.CamelMicroserviceBApplicationTests" time="0.484">
    <system-out><![CDATA[14:15:17.717 [main] INFO org.springframework.test.context.support.AnnotationConfigContextLoaderUtils -- Could not detect default configuration classes for test class [com.in28minutes.microservices.camel_microservice_b.CamelMicroserviceBApplicationTests]: CamelMicroserviceBApplicationTests does not declare any static, non-private, non-final, nested classes annotated with @Configuration.
14:15:17.795 [main] INFO org.springframework.boot.test.context.SpringBootTestContextBootstrapper -- Found @SpringBootConfiguration com.in28minutes.microservices.camel_microservice_b.CamelMicroserviceBApplication for test class com.in28minutes.microservices.camel_microservice_b.CamelMicroserviceBApplicationTests
14:15:17.892 [main] INFO org.springframework.boot.devtools.restart.RestartApplicationListener -- Restart disabled due to context in which it is running

  .   ____          _            __ _ _
 /\\ / ___'_ __ _ _(_)_ __  __ _ \ \ \ \
( ( )\___ | '_ | '_| | '_ \/ _` | \ \ \ \
 \\/  ___)| |_)| | | | | || (_| |  ) ) ) )
  '  |____| .__|_| |_|_| |_\__, | / / / /
 =========|_|==============|___/=/_/_/_/

 :: Spring Boot ::                (v3.4.5)

2025-05-05T14:15:18.095-03:00  INFO 182621 --- [camel-microservice-b] [           main] i.m.c.CamelMicroserviceBApplicationTests : Starting CamelMicroserviceBApplicationTests using Java 17.0.14 with PID 182621 (started by dayse in /home/dayse/Documentos/workspaces/projeto-camel-a-b/projeto-camel-b)
2025-05-05T14:15:18.096-03:00  INFO 182621 --- [camel-microservice-b] [           main] i.m.c.CamelMicroserviceBApplicationTests : No active profile set, falling back to 1 default profile: "default"
2025-05-05T14:15:19.392-03:00  INFO 182621 --- [camel-microservice-b] [           main] o.s.b.a.e.web.EndpointLinksResolver      : Exposing 1 endpoint beneath base path '/actuator'
2025-05-05T14:15:19.573-03:00  INFO 182621 --- [camel-microservice-b] [           main] o.a.c.impl.engine.AbstractCamelContext   : Apache Camel 4.11.0 (camel-1) is starting
2025-05-05T14:15:19.728-03:00  INFO 182621 --- [camel-microservice-b] [           main] o.a.c.impl.engine.AbstractCamelContext   : Routes startup (total:1)
2025-05-05T14:15:19.729-03:00  INFO 182621 --- [camel-microservice-b] [           main] o.a.c.impl.engine.AbstractCamelContext   :     Started route1 (activemq://my-activemq-queue)
2025-05-05T14:15:19.729-03:00  INFO 182621 --- [camel-microservice-b] [           main] o.a.c.impl.engine.AbstractCamelContext   : Apache Camel 4.11.0 (camel-1) started in 154ms (build:0ms init:0ms start:154ms boot:808ms)
2025-05-05T14:15:19.732-03:00  INFO 182621 --- [camel-microservice-b] [           main] i.m.c.CamelMicroserviceBApplicationTests : Started CamelMicroserviceBApplicationTests in 1.849 seconds (process running for 2.42)
2025-05-05T14:15:19.784-03:00  INFO 182621 --- [camel-microservice-b] [activemq-queue]] received-message-from-active-mq          : Exchange[ExchangePattern: InOnly, BodyType: String, Body: My messege for Active MQ]
2025-05-05T14:15:19.794-03:00  INFO 182621 --- [camel-microservice-b] [activemq-queue]] received-message-from-active-mq          : Exchange[ExchangePattern: InOnly, BodyType: String, Body: My messege for Active MQ]
2025-05-05T14:15:19.795-03:00  INFO 182621 --- [camel-microservice-b] [activemq-queue]] received-message-from-active-mq          : Exchange[ExchangePattern: InOnly, BodyType: String, Body: My messege for Active MQ]
2025-05-05T14:15:19.796-03:00  INFO 182621 --- [camel-microservice-b] [activemq-queue]] received-message-from-active-mq          : Exchange[ExchangePattern: InOnly, BodyType: String, Body: My messege for Active MQ]
2025-05-05T14:15:19.797-03:00  INFO 182621 --- [camel-microservice-b] [activemq-queue]] received-message-from-active-mq          : Exchange[ExchangePattern: InOnly, BodyType: String, Body: My messege for Active MQ]
2025-05-05T14:15:19.797-03:00  INFO 182621 --- [camel-microservice-b] [activemq-queue]] received-message-from-active-mq          : Exchange[ExchangePattern: InOnly, BodyType: String, Body: My messege for Active MQ]
2025-05-05T14:15:19.797-03:00  INFO 182621 --- [camel-microservice-b] [activemq-queue]] received-message-from-active-mq          : Exchange[ExchangePattern: InOnly, BodyType: String, Body: My messege for Active MQ]
2025-05-05T14:15:19.798-03:00  INFO 182621 --- [camel-microservice-b] [activemq-queue]] received-message-from-active-mq          : Exchange[ExchangePattern: InOnly, BodyType: String, Body: My messege for Active MQ]
2025-05-05T14:15:19.799-03:00  INFO 182621 --- [camel-microservice-b] [activemq-queue]] received-message-from-active-mq          : Exchange[ExchangePattern: InOnly, BodyType: String, Body: My messege for Active MQ]
2025-05-05T14:15:19.800-03:00  INFO 182621 --- [camel-microservice-b] [activemq-queue]] received-message-from-active-mq          : Exchange[ExchangePattern: InOnly, BodyType: String, Body: My messege for Active MQ]
2025-05-05T14:15:19.802-03:00  INFO 182621 --- [camel-microservice-b] [activemq-queue]] received-message-from-active-mq          : Exchange[ExchangePattern: InOnly, BodyType: String, Body: My messege for Active MQ]
2025-05-05T14:15:19.803-03:00  INFO 182621 --- [camel-microservice-b] [activemq-queue]] received-message-from-active-mq          : Exchange[ExchangePattern: InOnly, BodyType: String, Body: My messege for Active MQ]
2025-05-05T14:15:19.804-03:00  INFO 182621 --- [camel-microservice-b] [activemq-queue]] received-message-from-active-mq          : Exchange[ExchangePattern: InOnly, BodyType: String, Body: My messege for Active MQ]
2025-05-05T14:15:19.805-03:00  INFO 182621 --- [camel-microservice-b] [activemq-queue]] received-message-from-active-mq          : Exchange[ExchangePattern: InOnly, BodyType: String, Body: My messege for Active MQ]
2025-05-05T14:15:19.806-03:00  INFO 182621 --- [camel-microservice-b] [activemq-queue]] received-message-from-active-mq          : Exchange[ExchangePattern: InOnly, BodyType: String, Body: My messege for Active MQ]
2025-05-05T14:15:19.807-03:00  INFO 182621 --- [camel-microservice-b] [activemq-queue]] received-message-from-active-mq          : Exchange[ExchangePattern: InOnly, BodyType: String, Body: My messege for Active MQ]
2025-05-05T14:15:19.808-03:00  INFO 182621 --- [camel-microservice-b] [activemq-queue]] received-message-from-active-mq          : Exchange[ExchangePattern: InOnly, BodyType: String, Body: My messege for Active MQ]
2025-05-05T14:15:19.809-03:00  INFO 182621 --- [camel-microservice-b] [activemq-queue]] received-message-from-active-mq          : Exchange[ExchangePattern: InOnly, BodyType: String, Body: My messege for Active MQ]
2025-05-05T14:15:19.810-03:00  INFO 182621 --- [camel-microservice-b] [activemq-queue]] received-message-from-active-mq          : Exchange[ExchangePattern: InOnly, BodyType: String, Body: My messege for Active MQ]
2025-05-05T14:15:19.810-03:00  INFO 182621 --- [camel-microservice-b] [activemq-queue]] received-message-from-active-mq          : Exchange[ExchangePattern: InOnly, BodyType: String, Body: My messege for Active MQ]
2025-05-05T14:15:19.811-03:00  INFO 182621 --- [camel-microservice-b] [activemq-queue]] received-message-from-active-mq          : Exchange[ExchangePattern: InOnly, BodyType: String, Body: My messege for Active MQ]
2025-05-05T14:15:19.811-03:00  INFO 182621 --- [camel-microservice-b] [activemq-queue]] received-message-from-active-mq          : Exchange[ExchangePattern: InOnly, BodyType: String, Body: My messege for Active MQ]
2025-05-05T14:15:19.812-03:00  INFO 182621 --- [camel-microservice-b] [activemq-queue]] received-message-from-active-mq          : Exchange[ExchangePattern: InOnly, BodyType: String, Body: My messege for Active MQ]
2025-05-05T14:15:19.813-03:00  INFO 182621 --- [camel-microservice-b] [activemq-queue]] received-message-from-active-mq          : Exchange[ExchangePattern: InOnly, BodyType: String, Body: My messege for Active MQ]
2025-05-05T14:15:19.813-03:00  INFO 182621 --- [camel-microservice-b] [activemq-queue]] received-message-from-active-mq          : Exchange[ExchangePattern: InOnly, BodyType: String, Body: My messege for Active MQ]
2025-05-05T14:15:19.814-03:00  INFO 182621 --- [camel-microservice-b] [activemq-queue]] received-message-from-active-mq          : Exchange[ExchangePattern: InOnly, BodyType: String, Body: My messege for Active MQ]
2025-05-05T14:15:19.814-03:00  INFO 182621 --- [camel-microservice-b] [activemq-queue]] received-message-from-active-mq          : Exchange[ExchangePattern: InOnly, BodyType: String, Body: My messege for Active MQ]
2025-05-05T14:15:19.816-03:00  INFO 182621 --- [camel-microservice-b] [activemq-queue]] received-message-from-active-mq          : Exchange[ExchangePattern: InOnly, BodyType: String, Body: My messege for Active MQ]
2025-05-05T14:15:19.817-03:00  INFO 182621 --- [camel-microservice-b] [activemq-queue]] received-message-from-active-mq          : Exchange[ExchangePattern: InOnly, BodyType: String, Body: My messege for Active MQ]
2025-05-05T14:15:19.817-03:00  INFO 182621 --- [camel-microservice-b] [activemq-queue]] received-message-from-active-mq          : Exchange[ExchangePattern: InOnly, BodyType: String, Body: My messege for Active MQ]
2025-05-05T14:15:19.818-03:00  INFO 182621 --- [camel-microservice-b] [activemq-queue]] received-message-from-active-mq          : Exchange[ExchangePattern: InOnly, BodyType: String, Body: My messege for Active MQ]
2025-05-05T14:15:19.820-03:00  INFO 182621 --- [camel-microservice-b] [activemq-queue]] received-message-from-active-mq          : Exchange[ExchangePattern: InOnly, BodyType: String, Body: My messege for Active MQ]
2025-05-05T14:15:19.822-03:00  INFO 182621 --- [camel-microservice-b] [activemq-queue]] received-message-from-active-mq          : Exchange[ExchangePattern: InOnly, BodyType: String, Body: My messege for Active MQ]
2025-05-05T14:15:19.823-03:00  INFO 182621 --- [camel-microservice-b] [activemq-queue]] received-message-from-active-mq          : Exchange[ExchangePattern: InOnly, BodyType: String, Body: My messege for Active MQ]
2025-05-05T14:15:19.824-03:00  INFO 182621 --- [camel-microservice-b] [activemq-queue]] received-message-from-active-mq          : Exchange[ExchangePattern: InOnly, BodyType: String, Body: My messege for Active MQ]
2025-05-05T14:15:19.826-03:00  INFO 182621 --- [camel-microservice-b] [activemq-queue]] received-message-from-active-mq          : Exchange[ExchangePattern: InOnly, BodyType: String, Body: My messege for Active MQ]
2025-05-05T14:15:19.826-03:00  INFO 182621 --- [camel-microservice-b] [activemq-queue]] received-message-from-active-mq          : Exchange[ExchangePattern: InOnly, BodyType: String, Body: My messege for Active MQ]
2025-05-05T14:15:19.827-03:00  INFO 182621 --- [camel-microservice-b] [activemq-queue]] received-message-from-active-mq          : Exchange[ExchangePattern: InOnly, BodyType: String, Body: My messege for Active MQ]
2025-05-05T14:15:19.827-03:00  INFO 182621 --- [camel-microservice-b] [activemq-queue]] received-message-from-active-mq          : Exchange[ExchangePattern: InOnly, BodyType: String, Body: My messege for Active MQ]
2025-05-05T14:15:19.828-03:00  INFO 182621 --- [camel-microservice-b] [activemq-queue]] received-message-from-active-mq          : Exchange[ExchangePattern: InOnly, BodyType: String, Body: My messege for Active MQ]
2025-05-05T14:15:19.828-03:00  INFO 182621 --- [camel-microservice-b] [activemq-queue]] received-message-from-active-mq          : Exchange[ExchangePattern: InOnly, BodyType: String, Body: My messege for Active MQ]
2025-05-05T14:15:19.829-03:00  INFO 182621 --- [camel-microservice-b] [activemq-queue]] received-message-from-active-mq          : Exchange[ExchangePattern: InOnly, BodyType: String, Body: My messege for Active MQ]
2025-05-05T14:15:19.829-03:00  INFO 182621 --- [camel-microservice-b] [activemq-queue]] received-message-from-active-mq          : Exchange[ExchangePattern: InOnly, BodyType: String, Body: My messege for Active MQ]
2025-05-05T14:15:19.830-03:00  INFO 182621 --- [camel-microservice-b] [activemq-queue]] received-message-from-active-mq          : Exchange[ExchangePattern: InOnly, BodyType: String, Body: My messege for Active MQ]
2025-05-05T14:15:19.830-03:00  INFO 182621 --- [camel-microservice-b] [activemq-queue]] received-message-from-active-mq          : Exchange[ExchangePattern: InOnly, BodyType: String, Body: My messege for Active MQ]
2025-05-05T14:15:19.831-03:00  INFO 182621 --- [camel-microservice-b] [activemq-queue]] received-message-from-active-mq          : Exchange[ExchangePattern: InOnly, BodyType: String, Body: My messege for Active MQ]
2025-05-05T14:15:19.832-03:00  INFO 182621 --- [camel-microservice-b] [activemq-queue]] received-message-from-active-mq          : Exchange[ExchangePattern: InOnly, BodyType: String, Body: My messege for Active MQ]
2025-05-05T14:15:19.832-03:00  INFO 182621 --- [camel-microservice-b] [activemq-queue]] received-message-from-active-mq          : Exchange[ExchangePattern: InOnly, BodyType: String, Body: My messege for Active MQ]
2025-05-05T14:15:19.833-03:00  INFO 182621 --- [camel-microservice-b] [activemq-queue]] received-message-from-active-mq          : Exchange[ExchangePattern: InOnly, BodyType: String, Body: My messege for Active MQ]
]]></system-out>
  </testcase>
</testsuite>